{"level":"error","message":"Failed to start server: connectDB is not defined","timestamp":"2026-02-14T14:28:46.197Z"}
{"level":"info","message":"MongoDB Connected: ac-twutkoe-shard-00-00.z0hjexi.mongodb.net","timestamp":"2026-02-14T14:29:40.380Z"}
{"level":"info","message":"Database connected successfully","timestamp":"2026-02-14T14:29:40.383Z"}
{"level":"info","message":"Server running on port 3000","timestamp":"2026-02-14T14:29:40.393Z"}
{"level":"info","message":"Environment: development","timestamp":"2026-02-14T14:29:40.393Z"}
{"level":"info","message":"MongoDB Connected: ac-twutkoe-shard-00-00.z0hjexi.mongodb.net","timestamp":"2026-02-14T14:54:09.173Z"}
{"level":"info","message":"Database connected successfully","timestamp":"2026-02-14T14:54:09.178Z"}
{"level":"info","message":"Server running on port 3000","timestamp":"2026-02-14T14:54:09.183Z"}
{"level":"info","message":"Environment: development","timestamp":"2026-02-14T14:54:09.184Z"}
{"level":"info","message":"MongoDB Connected: ac-twutkoe-shard-00-00.z0hjexi.mongodb.net","timestamp":"2026-02-14T14:58:40.492Z"}
{"level":"info","message":"Database connected successfully","timestamp":"2026-02-14T14:58:40.501Z"}
{"level":"info","message":"Server running on port 3000","timestamp":"2026-02-14T14:58:40.512Z"}
{"level":"info","message":"Environment: development","timestamp":"2026-02-14T14:58:40.513Z"}
{"level":"info","message":"MongoDB Connected: ac-twutkoe-shard-00-00.z0hjexi.mongodb.net","timestamp":"2026-02-14T14:59:56.552Z"}
{"level":"info","message":"Database connected successfully","timestamp":"2026-02-14T14:59:56.562Z"}
{"level":"info","message":"Server running on port 3000","timestamp":"2026-02-14T14:59:56.570Z"}
{"level":"info","message":"Environment: development","timestamp":"2026-02-14T14:59:56.571Z"}
{"level":"info","message":"MongoDB Connected: ac-twutkoe-shard-00-00.z0hjexi.mongodb.net","timestamp":"2026-02-14T15:04:04.504Z"}
{"level":"info","message":"Database connected successfully","timestamp":"2026-02-14T15:04:04.516Z"}
{"level":"info","message":"Server running on port 3000","timestamp":"2026-02-14T15:04:04.530Z"}
{"level":"info","message":"Environment: development","timestamp":"2026-02-14T15:04:04.533Z"}
{"level":"info","message":"MongoDB Connected: ac-twutkoe-shard-00-00.z0hjexi.mongodb.net","timestamp":"2026-02-14T15:06:36.085Z"}
{"level":"info","message":"Database connected successfully","timestamp":"2026-02-14T15:06:36.092Z"}
{"level":"info","message":"Server running on port 3000","timestamp":"2026-02-14T15:06:36.103Z"}
{"level":"info","message":"Environment: development","timestamp":"2026-02-14T15:06:36.105Z"}
{"level":"info","message":"MongoDB Connected: ac-twutkoe-shard-00-00.z0hjexi.mongodb.net","timestamp":"2026-02-14T15:07:00.851Z"}
{"level":"info","message":"Database connected successfully","timestamp":"2026-02-14T15:07:00.858Z"}
{"level":"info","message":"Server running on port 3000","timestamp":"2026-02-14T15:07:00.863Z"}
{"level":"info","message":"Environment: development","timestamp":"2026-02-14T15:07:00.864Z"}
{"level":"info","message":"MongoDB Connected: ac-twutkoe-shard-00-00.z0hjexi.mongodb.net","timestamp":"2026-02-14T15:17:14.663Z"}
{"level":"info","message":"Database connected successfully","timestamp":"2026-02-14T15:17:14.680Z"}
{"level":"info","message":"Server running on port 3000","timestamp":"2026-02-14T15:17:14.692Z"}
{"level":"info","message":"Environment: development","timestamp":"2026-02-14T15:17:14.693Z"}
{"level":"info","message":"MongoDB Connected: ac-twutkoe-shard-00-00.z0hjexi.mongodb.net","timestamp":"2026-02-14T15:17:32.697Z"}
{"level":"info","message":"Database connected successfully","timestamp":"2026-02-14T15:17:32.703Z"}
{"level":"info","message":"Server running on port 3000","timestamp":"2026-02-14T15:17:32.707Z"}
{"level":"info","message":"Environment: development","timestamp":"2026-02-14T15:17:32.707Z"}
{"level":"info","message":"MongoDB Connected: ac-twutkoe-shard-00-00.z0hjexi.mongodb.net","timestamp":"2026-02-14T15:33:36.707Z"}
{"level":"info","message":"Database connected successfully","timestamp":"2026-02-14T15:33:36.719Z"}
{"level":"info","message":"Server running on port 3000","timestamp":"2026-02-14T15:33:36.732Z"}
{"level":"info","message":"Environment: development","timestamp":"2026-02-14T15:33:36.733Z"}
{"level":"info","message":"MongoDB Connected: ac-twutkoe-shard-00-00.z0hjexi.mongodb.net","timestamp":"2026-02-14T15:39:55.654Z"}
{"level":"info","message":"Database connected successfully","timestamp":"2026-02-14T15:39:55.663Z"}
{"level":"info","message":"Server running on port 3000","timestamp":"2026-02-14T15:39:55.669Z"}
{"level":"info","message":"Environment: development","timestamp":"2026-02-14T15:39:55.670Z"}
{"level":"info","message":"MongoDB Connected: ac-twutkoe-shard-00-00.z0hjexi.mongodb.net","timestamp":"2026-02-14T15:42:09.302Z"}
{"level":"info","message":"Database connected successfully","timestamp":"2026-02-14T15:42:09.305Z"}
{"level":"info","message":"Server running on port 3000","timestamp":"2026-02-14T15:42:09.310Z"}
{"level":"info","message":"Environment: development","timestamp":"2026-02-14T15:42:09.311Z"}
{"level":"info","message":"MongoDB Connected: ac-twutkoe-shard-00-00.z0hjexi.mongodb.net","timestamp":"2026-02-14T15:55:32.264Z"}
{"level":"info","message":"Database connected successfully","timestamp":"2026-02-14T15:55:32.268Z"}
{"level":"info","message":"Server running on port 3000","timestamp":"2026-02-14T15:55:32.272Z"}
{"level":"info","message":"Environment: development","timestamp":"2026-02-14T15:55:32.272Z"}
{"level":"info","message":"MongoDB Connected: ac-twutkoe-shard-00-00.z0hjexi.mongodb.net","timestamp":"2026-02-14T16:06:45.771Z"}
{"level":"info","message":"Database connected successfully","timestamp":"2026-02-14T16:06:45.782Z"}
{"level":"info","message":"Server running on port 3000","timestamp":"2026-02-14T16:06:45.796Z"}
{"level":"info","message":"Environment: development","timestamp":"2026-02-14T16:06:45.796Z"}
{"level":"info","message":"MongoDB Connected: ac-twutkoe-shard-00-00.z0hjexi.mongodb.net","timestamp":"2026-02-14T16:13:55.791Z"}
{"level":"info","message":"Database connected successfully","timestamp":"2026-02-14T16:13:55.794Z"}
{"level":"info","message":"Server running on port 3000","timestamp":"2026-02-14T16:13:55.798Z"}
{"level":"info","message":"Environment: development","timestamp":"2026-02-14T16:13:55.798Z"}
{"level":"info","message":"MongoDB Connected: ac-twutkoe-shard-00-00.z0hjexi.mongodb.net","timestamp":"2026-02-14T16:26:33.837Z"}
{"level":"info","message":"Database connected successfully","timestamp":"2026-02-14T16:26:33.849Z"}
{"level":"info","message":"Server running on port 3000","timestamp":"2026-02-14T16:26:33.858Z"}
{"level":"info","message":"Environment: development","timestamp":"2026-02-14T16:26:33.859Z"}
{"level":"error","message":"MongoDB Connection Error: Could not connect to any servers in your MongoDB Atlas cluster. One common reason is that you're trying to access the database from an IP that isn't whitelisted. Make sure your current IP address is on your Atlas cluster's IP whitelist: https://www.mongodb.com/docs/atlas/security-whitelist/","timestamp":"2026-02-14T16:55:27.459Z"}
{"level":"info","message":"MongoDB Connected: ac-twutkoe-shard-00-00.z0hjexi.mongodb.net","timestamp":"2026-02-14T17:02:29.027Z"}
{"level":"info","message":"Database connected successfully","timestamp":"2026-02-14T17:02:29.035Z"}
{"level":"info","message":"Server running on port 3000","timestamp":"2026-02-14T17:02:29.047Z"}
{"level":"info","message":"Environment: development","timestamp":"2026-02-14T17:02:29.048Z"}
{"level":"info","message":"MongoDB Connected: ac-twutkoe-shard-00-00.z0hjexi.mongodb.net","timestamp":"2026-02-14T17:10:17.540Z"}
{"level":"info","message":"Database connected successfully","timestamp":"2026-02-14T17:10:17.554Z"}
{"level":"info","message":"Server running on port 3000","timestamp":"2026-02-14T17:10:17.567Z"}
{"level":"info","message":"Environment: development","timestamp":"2026-02-14T17:10:17.576Z"}
